Generated at 2021-07-01 13:16:23 +0000
NoMethodError: undefined method `dir' for cookbook: cookbook1, recipe: c1-recipe :Chef::Recipe
/home/ec2-user/chef-repo/.chef/local-mode-cache/cache/cookbooks/cookbook1/recipes/c1-recipe.rb:13:in `from_file'
/opt/chef-workstation/embedded/lib/ruby/gems/2.6.0/gems/chef-15.10.12/lib/chef/mixin/from_file.rb:34:in `instance_eval'
/opt/chef-workstation/embedded/lib/ruby/gems/2.6.0/gems/chef-15.10.12/lib/chef/mixin/from_file.rb:34:in `from_file'
/opt/chef-workstation/embedded/lib/ruby/gems/2.6.0/gems/chef-15.10.12/lib/chef/cookbook_version.rb:199:in `load_recipe'
/opt/chef-workstation/embedded/lib/ruby/gems/2.6.0/gems/chef-15.10.12/lib/chef/run_context.rb:393:in `load_recipe'
/opt/chef-workstation/embedded/lib/ruby/gems/2.6.0/gems/chef-15.10.12/lib/chef/run_context.rb:349:in `block in include_recipe'
/opt/chef-workstation/embedded/lib/ruby/gems/2.6.0/gems/chef-15.10.12/lib/chef/run_context.rb:348:in `each'
/opt/chef-workstation/embedded/lib/ruby/gems/2.6.0/gems/chef-15.10.12/lib/chef/run_context.rb:348:in `include_recipe'
/opt/chef-workstation/embedded/lib/ruby/gems/2.6.0/gems/chef-15.10.12/lib/chef/dsl/include_recipe.rb:26:in `include_recipe'
/home/ec2-user/chef-repo/.chef/local-mode-cache/cache/cookbooks/cookbook1/recipes/default.rb:8:in `from_file'
/opt/chef-workstation/embedded/lib/ruby/gems/2.6.0/gems/chef-15.10.12/lib/chef/mixin/from_file.rb:34:in `instance_eval'
/opt/chef-workstation/embedded/lib/ruby/gems/2.6.0/gems/chef-15.10.12/lib/chef/mixin/from_file.rb:34:in `from_file'
/opt/chef-workstation/embedded/lib/ruby/gems/2.6.0/gems/chef-15.10.12/lib/chef/cookbook_version.rb:199:in `load_recipe'
/opt/chef-workstation/embedded/lib/ruby/gems/2.6.0/gems/chef-15.10.12/lib/chef/run_context.rb:393:in `load_recipe'
/opt/chef-workstation/embedded/lib/ruby/gems/2.6.0/gems/chef-15.10.12/lib/chef/run_context/cookbook_compiler.rb:166:in `block in compile_recipes'
/opt/chef-workstation/embedded/lib/ruby/gems/2.6.0/gems/chef-15.10.12/lib/chef/run_context/cookbook_compiler.rb:163:in `each'
/opt/chef-workstation/embedded/lib/ruby/gems/2.6.0/gems/chef-15.10.12/lib/chef/run_context/cookbook_compiler.rb:163:in `compile_recipes'
/opt/chef-workstation/embedded/lib/ruby/gems/2.6.0/gems/chef-15.10.12/lib/chef/run_context/cookbook_compiler.rb:79:in `compile'
/opt/chef-workstation/embedded/lib/ruby/gems/2.6.0/gems/chef-15.10.12/lib/chef/run_context.rb:223:in `load'
/opt/chef-workstation/embedded/lib/ruby/gems/2.6.0/gems/chef-15.10.12/lib/chef/policy_builder/expand_node_object.rb:103:in `setup_run_context'
/opt/chef-workstation/embedded/lib/ruby/2.6.0/forwardable.rb:230:in `setup_run_context'
/opt/chef-workstation/embedded/lib/ruby/gems/2.6.0/gems/chef-15.10.12/lib/chef/client.rb:496:in `setup_run_context'
/opt/chef-workstation/embedded/lib/ruby/gems/2.6.0/gems/chef-15.10.12/lib/chef/client.rb:284:in `run'
/opt/chef-workstation/embedded/lib/ruby/gems/2.6.0/gems/chef-15.10.12/lib/chef/application.rb:320:in `run_with_graceful_exit_option'
/opt/chef-workstation/embedded/lib/ruby/gems/2.6.0/gems/chef-15.10.12/lib/chef/application.rb:296:in `block in run_chef_client'
/opt/chef-workstation/embedded/lib/ruby/gems/2.6.0/gems/chef-15.10.12/lib/chef/local_mode.rb:42:in `with_server_connectivity'
/opt/chef-workstation/embedded/lib/ruby/gems/2.6.0/gems/chef-15.10.12/lib/chef/application.rb:279:in `run_chef_client'
/opt/chef-workstation/embedded/lib/ruby/gems/2.6.0/gems/chef-15.10.12/lib/chef/application/base.rb:330:in `run_application'
/opt/chef-workstation/embedded/lib/ruby/gems/2.6.0/gems/chef-15.10.12/lib/chef/application.rb:68:in `run'
/opt/chef-workstation/embedded/lib/ruby/gems/2.6.0/gems/chef-bin-15.10.12/bin/chef-client:25:in `<top (required)>'
/bin/chef-client:367:in `load'
/bin/chef-client:367:in `<main>'